python application.py expname --update 2592000000 --weights unweighted --select train --filter no-filter --kval 5 >> expLogs.log 2>&1
python application.py expname --update 2592000000 --weights unweighted --select train --filter top-k --kval 5 >> expLogs.log 2>&1
python application.py expname --update 2592000000 --weights unweighted --select train --filter nearest --kval 5 >> expLogs.log 2>&1
python application.py expname --update 2592000000 --weights unweighted --select recent --filter no-filter --kval 5 >> expLogs.log 2>&1
python application.py expname --update 2592000000 --weights unweighted --select recent --filter top-k --kval 5 >> expLogs.log 2>&1
python application.py expname --update 2592000000 --weights unweighted --select recent --filter nearest --kval 5 >> expLogs.log 2>&1
python application.py expname --update 2592000000 --weights unweighted --select recent-new --filter no-filter --kval 5 >> expLogs.log 2>&1
python application.py expname --update 2592000000 --weights unweighted --select recent-new --filter top-k --kval 5 >> expLogs.log 2>&1
python application.py expname --update 2592000000 --weights unweighted --select recent-new --filter nearest --kval 5 >> expLogs.log 2>&1
python application.py expname --update 2592000000 --weights unweighted --select recent-updates --filter no-filter --kval 5 >> expLogs.log 2>&1
python application.py expname --update 2592000000 --weights unweighted --select recent-updates --filter top-k --kval 5 >> expLogs.log 2>&1
python application.py expname --update 2592000000 --weights unweighted --select recent-updates --filter nearest --kval 5 >> expLogs.log 2>&1
python application.py expname --update 2592000000 --weights unweighted --select historical-new --filter no-filter --kval 5 >> expLogs.log 2>&1
python application.py expname --update 2592000000 --weights unweighted --select historical-new --filter top-k --kval 5 >> expLogs.log 2>&1
python application.py expname --update 2592000000 --weights unweighted --select historical-new --filter nearest --kval 5 >> expLogs.log 2>&1
python application.py expname --update 2592000000 --weights unweighted --select historical-updates --filter no-filter --kval 5 >> expLogs.log 2>&1
python application.py expname --update 2592000000 --weights unweighted --select historical-updates --filter top-k --kval 5 >> expLogs.log 2>&1
python application.py expname --update 2592000000 --weights unweighted --select historical-updates --filter nearest --kval 5 >> expLogs.log 2>&1
python application.py expname --update 2592000000 --weights unweighted --select historical --filter no-filter --kval 5 >> expLogs.log 2>&1
python application.py expname --update 2592000000 --weights unweighted --select historical --filter top-k --kval 5 >> expLogs.log 2>&1
python application.py expname --update 2592000000 --weights unweighted --select historical --filter nearest --kval 5 >> expLogs.log 2>&1
python application.py expname --update 2592000000 --weights performance --select train --filter no-filter --kval 5 >> expLogs.log 2>&1
python application.py expname --update 2592000000 --weights performance --select train --filter top-k --kval 5 >> expLogs.log 2>&1
python application.py expname --update 2592000000 --weights performance --select train --filter nearest --kval 5 >> expLogs.log 2>&1
python application.py expname --update 2592000000 --weights performance --select recent --filter no-filter --kval 5 >> expLogs.log 2>&1
python application.py expname --update 2592000000 --weights performance --select recent --filter top-k --kval 5 >> expLogs.log 2>&1
python application.py expname --update 2592000000 --weights performance --select recent --filter nearest --kval 5 >> expLogs.log 2>&1
python application.py expname --update 2592000000 --weights performance --select recent-new --filter no-filter --kval 5 >> expLogs.log 2>&1
python application.py expname --update 2592000000 --weights performance --select recent-new --filter top-k --kval 5 >> expLogs.log 2>&1
python application.py expname --update 2592000000 --weights performance --select recent-new --filter nearest --kval 5 >> expLogs.log 2>&1
python application.py expname --update 2592000000 --weights performance --select recent-updates --filter no-filter --kval 5 >> expLogs.log 2>&1
python application.py expname --update 2592000000 --weights performance --select recent-updates --filter top-k --kval 5 >> expLogs.log 2>&1
python application.py expname --update 2592000000 --weights performance --select recent-updates --filter nearest --kval 5 >> expLogs.log 2>&1
python application.py expname --update 2592000000 --weights performance --select historical-new --filter no-filter --kval 5 >> expLogs.log 2>&1
python application.py expname --update 2592000000 --weights performance --select historical-new --filter top-k --kval 5 >> expLogs.log 2>&1
python application.py expname --update 2592000000 --weights performance --select historical-new --filter nearest --kval 5 >> expLogs.log 2>&1
python application.py expname --update 2592000000 --weights performance --select historical-updates --filter no-filter --kval 5 >> expLogs.log 2>&1
python application.py expname --update 2592000000 --weights performance --select historical-updates --filter top-k --kval 5 >> expLogs.log 2>&1
python application.py expname --update 2592000000 --weights performance --select historical-updates --filter nearest --kval 5 >> expLogs.log 2>&1
python application.py expname --update 2592000000 --weights performance --select historical --filter no-filter --kval 5 >> expLogs.log 2>&1
python application.py expname --update 2592000000 --weights performance --select historical --filter top-k --kval 5 >> expLogs.log 2>&1
python application.py expname --update 2592000000 --weights performance --select historical --filter nearest --kval 5 >> expLogs.log 2>&1
python application.py expname --update 1210000000 --weights unweighted --select train --filter no-filter --kval 5 >> expLogs.log 2>&1
python application.py expname --update 1210000000 --weights unweighted --select train --filter top-k --kval 5 >> expLogs.log 2>&1
python application.py expname --update 1210000000 --weights unweighted --select train --filter nearest --kval 5 >> expLogs.log 2>&1
python application.py expname --update 1210000000 --weights unweighted --select recent --filter no-filter --kval 5 >> expLogs.log 2>&1
python application.py expname --update 1210000000 --weights unweighted --select recent --filter top-k --kval 5 >> expLogs.log 2>&1
python application.py expname --update 1210000000 --weights unweighted --select recent --filter nearest --kval 5 >> expLogs.log 2>&1
python application.py expname --update 1210000000 --weights unweighted --select recent-new --filter no-filter --kval 5 >> expLogs.log 2>&1
python application.py expname --update 1210000000 --weights unweighted --select recent-new --filter top-k --kval 5 >> expLogs.log 2>&1
python application.py expname --update 1210000000 --weights unweighted --select recent-new --filter nearest --kval 5 >> expLogs.log 2>&1
python application.py expname --update 1210000000 --weights unweighted --select recent-updates --filter no-filter --kval 5 >> expLogs.log 2>&1
python application.py expname --update 1210000000 --weights unweighted --select recent-updates --filter top-k --kval 5 >> expLogs.log 2>&1
python application.py expname --update 1210000000 --weights unweighted --select recent-updates --filter nearest --kval 5 >> expLogs.log 2>&1
python application.py expname --update 1210000000 --weights unweighted --select historical-new --filter no-filter --kval 5 >> expLogs.log 2>&1
python application.py expname --update 1210000000 --weights unweighted --select historical-new --filter top-k --kval 5 >> expLogs.log 2>&1
python application.py expname --update 1210000000 --weights unweighted --select historical-new --filter nearest --kval 5 >> expLogs.log 2>&1
python application.py expname --update 1210000000 --weights unweighted --select historical-updates --filter no-filter --kval 5 >> expLogs.log 2>&1
python application.py expname --update 1210000000 --weights unweighted --select historical-updates --filter top-k --kval 5 >> expLogs.log 2>&1
python application.py expname --update 1210000000 --weights unweighted --select historical-updates --filter nearest --kval 5 >> expLogs.log 2>&1
python application.py expname --update 1210000000 --weights unweighted --select historical --filter no-filter --kval 5 >> expLogs.log 2>&1
python application.py expname --update 1210000000 --weights unweighted --select historical --filter top-k --kval 5 >> expLogs.log 2>&1
python application.py expname --update 1210000000 --weights unweighted --select historical --filter nearest --kval 5 >> expLogs.log 2>&1
python application.py expname --update 1210000000 --weights performance --select train --filter no-filter --kval 5 >> expLogs.log 2>&1
python application.py expname --update 1210000000 --weights performance --select train --filter top-k --kval 5 >> expLogs.log 2>&1
python application.py expname --update 1210000000 --weights performance --select train --filter nearest --kval 5 >> expLogs.log 2>&1
python application.py expname --update 1210000000 --weights performance --select recent --filter no-filter --kval 5 >> expLogs.log 2>&1
python application.py expname --update 1210000000 --weights performance --select recent --filter top-k --kval 5 >> expLogs.log 2>&1
python application.py expname --update 1210000000 --weights performance --select recent --filter nearest --kval 5 >> expLogs.log 2>&1
python application.py expname --update 1210000000 --weights performance --select recent-new --filter no-filter --kval 5 >> expLogs.log 2>&1
python application.py expname --update 1210000000 --weights performance --select recent-new --filter top-k --kval 5 >> expLogs.log 2>&1
python application.py expname --update 1210000000 --weights performance --select recent-new --filter nearest --kval 5 >> expLogs.log 2>&1
python application.py expname --update 1210000000 --weights performance --select recent-updates --filter no-filter --kval 5 >> expLogs.log 2>&1
python application.py expname --update 1210000000 --weights performance --select recent-updates --filter top-k --kval 5 >> expLogs.log 2>&1
python application.py expname --update 1210000000 --weights performance --select recent-updates --filter nearest --kval 5 >> expLogs.log 2>&1
python application.py expname --update 1210000000 --weights performance --select historical-new --filter no-filter --kval 5 >> expLogs.log 2>&1
python application.py expname --update 1210000000 --weights performance --select historical-new --filter top-k --kval 5 >> expLogs.log 2>&1
python application.py expname --update 1210000000 --weights performance --select historical-new --filter nearest --kval 5 >> expLogs.log 2>&1
python application.py expname --update 1210000000 --weights performance --select historical-updates --filter no-filter --kval 5 >> expLogs.log 2>&1
python application.py expname --update 1210000000 --weights performance --select historical-updates --filter top-k --kval 5 >> expLogs.log 2>&1
python application.py expname --update 1210000000 --weights performance --select historical-updates --filter nearest --kval 5 >> expLogs.log 2>&1
python application.py expname --update 1210000000 --weights performance --select historical --filter no-filter --kval 5 >> expLogs.log 2>&1
python application.py expname --update 1210000000 --weights performance --select historical --filter top-k --kval 5 >> expLogs.log 2>&1
python application.py expname --update 1210000000 --weights performance --select historical --filter nearest --kval 5 >> expLogs.log 2>&1
