M-U-TT-F-5
M-U-TT-T-5
M-U-TT-N-5
M-U-RR-F-5
M-U-RR-T-5
M-U-RR-N-5
M-U-RN-F-5
M-U-RN-T-5
M-U-RN-N-5
M-U-RU-F-5
M-U-RU-T-5
M-U-RU-N-5
M-U-HN-F-5
M-U-HN-T-5
M-U-HN-N-5
M-U-HU-F-5
M-U-HU-T-5
M-U-HU-N-5
M-U-HH-F-5
M-U-HH-T-5
M-U-HH-N-5
M-P-TT-F-5
M-P-TT-T-5
M-P-TT-N-5
M-P-RR-F-5
M-P-RR-T-5
M-P-RR-N-5
M-P-RN-F-5
M-P-RN-T-5
M-P-RN-N-5
M-P-RU-F-5
M-P-RU-T-5
M-P-RU-N-5
M-P-HN-F-5
M-P-HN-T-5
M-P-HN-N-5
M-P-HU-F-5
M-P-HU-T-5
M-P-HU-N-5
M-P-HH-F-5
M-P-HH-T-5
M-P-HH-N-5
F-U-TT-F-5
F-U-TT-T-5
F-U-TT-N-5
F-U-RR-F-5
F-U-RR-T-5
F-U-RR-N-5
F-U-RN-F-5
F-U-RN-T-5
F-U-RN-N-5
F-U-RU-F-5
F-U-RU-T-5
F-U-RU-N-5
F-U-HN-F-5
F-U-HN-T-5
F-U-HN-N-5
F-U-HU-F-5
F-U-HU-T-5
F-U-HU-N-5
F-U-HH-F-5
F-U-HH-T-5
F-U-HH-N-5
F-P-TT-F-5
F-P-TT-T-5
F-P-TT-N-5
F-P-RR-F-5
F-P-RR-T-5
F-P-RR-N-5
F-P-RN-F-5
F-P-RN-T-5
F-P-RN-N-5
F-P-RU-F-5
F-P-RU-T-5
F-P-RU-N-5
F-P-HN-F-5
F-P-HN-T-5
F-P-HN-N-5
F-P-HU-F-5
F-P-HU-T-5
F-P-HU-N-5
F-P-HH-F-5
F-P-HH-T-5
F-P-HH-N-5
