python application.py M-U-TT-F-5 --update 2592000000 --weights unweighted --select train --filter no-filter --kval 5 >> ./logfiles/experimentOutputLogfile.log 2>&1
python application.py M-U-TT-T-5 --update 2592000000 --weights unweighted --select train --filter top-k --kval 5 >> ./logfiles/experimentOutputLogfile.log 2>&1
python application.py M-U-TT-N-5 --update 2592000000 --weights unweighted --select train --filter nearest --kval 5 >> ./logfiles/experimentOutputLogfile.log 2>&1
python application.py M-U-RR-F-5 --update 2592000000 --weights unweighted --select recent --filter no-filter --kval 5 >> ./logfiles/experimentOutputLogfile.log 2>&1
python application.py M-U-RR-T-5 --update 2592000000 --weights unweighted --select recent --filter top-k --kval 5 >> ./logfiles/experimentOutputLogfile.log 2>&1
python application.py M-U-RR-N-5 --update 2592000000 --weights unweighted --select recent --filter nearest --kval 5 >> ./logfiles/experimentOutputLogfile.log 2>&1
python application.py M-U-RN-F-5 --update 2592000000 --weights unweighted --select recent-new --filter no-filter --kval 5 >> ./logfiles/experimentOutputLogfile.log 2>&1
python application.py M-U-RN-T-5 --update 2592000000 --weights unweighted --select recent-new --filter top-k --kval 5 >> ./logfiles/experimentOutputLogfile.log 2>&1
python application.py M-U-RN-N-5 --update 2592000000 --weights unweighted --select recent-new --filter nearest --kval 5 >> ./logfiles/experimentOutputLogfile.log 2>&1
python application.py M-U-RU-F-5 --update 2592000000 --weights unweighted --select recent-updates --filter no-filter --kval 5 >> ./logfiles/experimentOutputLogfile.log 2>&1
python application.py M-U-RU-T-5 --update 2592000000 --weights unweighted --select recent-updates --filter top-k --kval 5 >> ./logfiles/experimentOutputLogfile.log 2>&1
python application.py M-U-RU-N-5 --update 2592000000 --weights unweighted --select recent-updates --filter nearest --kval 5 >> ./logfiles/experimentOutputLogfile.log 2>&1
python application.py M-U-HN-F-5 --update 2592000000 --weights unweighted --select historical-new --filter no-filter --kval 5 >> ./logfiles/experimentOutputLogfile.log 2>&1
python application.py M-U-HN-T-5 --update 2592000000 --weights unweighted --select historical-new --filter top-k --kval 5 >> ./logfiles/experimentOutputLogfile.log 2>&1
python application.py M-U-HN-N-5 --update 2592000000 --weights unweighted --select historical-new --filter nearest --kval 5 >> ./logfiles/experimentOutputLogfile.log 2>&1
python application.py M-U-HU-F-5 --update 2592000000 --weights unweighted --select historical-updates --filter no-filter --kval 5 >> ./logfiles/experimentOutputLogfile.log 2>&1
python application.py M-U-HU-T-5 --update 2592000000 --weights unweighted --select historical-updates --filter top-k --kval 5 >> ./logfiles/experimentOutputLogfile.log 2>&1
python application.py M-U-HU-N-5 --update 2592000000 --weights unweighted --select historical-updates --filter nearest --kval 5 >> ./logfiles/experimentOutputLogfile.log 2>&1
python application.py M-U-HH-F-5 --update 2592000000 --weights unweighted --select historical --filter no-filter --kval 5 >> ./logfiles/experimentOutputLogfile.log 2>&1
python application.py M-U-HH-T-5 --update 2592000000 --weights unweighted --select historical --filter top-k --kval 5 >> ./logfiles/experimentOutputLogfile.log 2>&1
python application.py M-U-HH-N-5 --update 2592000000 --weights unweighted --select historical --filter nearest --kval 5 >> ./logfiles/experimentOutputLogfile.log 2>&1
python application.py M-P-TT-F-5 --update 2592000000 --weights performance --select train --filter no-filter --kval 5 >> ./logfiles/experimentOutputLogfile.log 2>&1
python application.py M-P-TT-T-5 --update 2592000000 --weights performance --select train --filter top-k --kval 5 >> ./logfiles/experimentOutputLogfile.log 2>&1
python application.py M-P-TT-N-5 --update 2592000000 --weights performance --select train --filter nearest --kval 5 >> ./logfiles/experimentOutputLogfile.log 2>&1
python application.py M-P-RR-F-5 --update 2592000000 --weights performance --select recent --filter no-filter --kval 5 >> ./logfiles/experimentOutputLogfile.log 2>&1
python application.py M-P-RR-T-5 --update 2592000000 --weights performance --select recent --filter top-k --kval 5 >> ./logfiles/experimentOutputLogfile.log 2>&1
python application.py M-P-RR-N-5 --update 2592000000 --weights performance --select recent --filter nearest --kval 5 >> ./logfiles/experimentOutputLogfile.log 2>&1
python application.py M-P-RN-F-5 --update 2592000000 --weights performance --select recent-new --filter no-filter --kval 5 >> ./logfiles/experimentOutputLogfile.log 2>&1
python application.py M-P-RN-T-5 --update 2592000000 --weights performance --select recent-new --filter top-k --kval 5 >> ./logfiles/experimentOutputLogfile.log 2>&1
python application.py M-P-RN-N-5 --update 2592000000 --weights performance --select recent-new --filter nearest --kval 5 >> ./logfiles/experimentOutputLogfile.log 2>&1
python application.py M-P-RU-F-5 --update 2592000000 --weights performance --select recent-updates --filter no-filter --kval 5 >> ./logfiles/experimentOutputLogfile.log 2>&1
python application.py M-P-RU-T-5 --update 2592000000 --weights performance --select recent-updates --filter top-k --kval 5 >> ./logfiles/experimentOutputLogfile.log 2>&1
python application.py M-P-RU-N-5 --update 2592000000 --weights performance --select recent-updates --filter nearest --kval 5 >> ./logfiles/experimentOutputLogfile.log 2>&1
python application.py M-P-HN-F-5 --update 2592000000 --weights performance --select historical-new --filter no-filter --kval 5 >> ./logfiles/experimentOutputLogfile.log 2>&1
python application.py M-P-HN-T-5 --update 2592000000 --weights performance --select historical-new --filter top-k --kval 5 >> ./logfiles/experimentOutputLogfile.log 2>&1
python application.py M-P-HN-N-5 --update 2592000000 --weights performance --select historical-new --filter nearest --kval 5 >> ./logfiles/experimentOutputLogfile.log 2>&1
python application.py M-P-HU-F-5 --update 2592000000 --weights performance --select historical-updates --filter no-filter --kval 5 >> ./logfiles/experimentOutputLogfile.log 2>&1
python application.py M-P-HU-T-5 --update 2592000000 --weights performance --select historical-updates --filter top-k --kval 5 >> ./logfiles/experimentOutputLogfile.log 2>&1
python application.py M-P-HU-N-5 --update 2592000000 --weights performance --select historical-updates --filter nearest --kval 5 >> ./logfiles/experimentOutputLogfile.log 2>&1
python application.py M-P-HH-F-5 --update 2592000000 --weights performance --select historical --filter no-filter --kval 5 >> ./logfiles/experimentOutputLogfile.log 2>&1
python application.py M-P-HH-T-5 --update 2592000000 --weights performance --select historical --filter top-k --kval 5 >> ./logfiles/experimentOutputLogfile.log 2>&1
python application.py M-P-HH-N-5 --update 2592000000 --weights performance --select historical --filter nearest --kval 5 >> ./logfiles/experimentOutputLogfile.log 2>&1
python application.py F-U-TT-F-5 --update 1210000000 --weights unweighted --select train --filter no-filter --kval 5 >> ./logfiles/experimentOutputLogfile.log 2>&1
python application.py F-U-TT-T-5 --update 1210000000 --weights unweighted --select train --filter top-k --kval 5 >> ./logfiles/experimentOutputLogfile.log 2>&1
python application.py F-U-TT-N-5 --update 1210000000 --weights unweighted --select train --filter nearest --kval 5 >> ./logfiles/experimentOutputLogfile.log 2>&1
python application.py F-U-RR-F-5 --update 1210000000 --weights unweighted --select recent --filter no-filter --kval 5 >> ./logfiles/experimentOutputLogfile.log 2>&1
python application.py F-U-RR-T-5 --update 1210000000 --weights unweighted --select recent --filter top-k --kval 5 >> ./logfiles/experimentOutputLogfile.log 2>&1
python application.py F-U-RR-N-5 --update 1210000000 --weights unweighted --select recent --filter nearest --kval 5 >> ./logfiles/experimentOutputLogfile.log 2>&1
python application.py F-U-RN-F-5 --update 1210000000 --weights unweighted --select recent-new --filter no-filter --kval 5 >> ./logfiles/experimentOutputLogfile.log 2>&1
python application.py F-U-RN-T-5 --update 1210000000 --weights unweighted --select recent-new --filter top-k --kval 5 >> ./logfiles/experimentOutputLogfile.log 2>&1
python application.py F-U-RN-N-5 --update 1210000000 --weights unweighted --select recent-new --filter nearest --kval 5 >> ./logfiles/experimentOutputLogfile.log 2>&1
python application.py F-U-RU-F-5 --update 1210000000 --weights unweighted --select recent-updates --filter no-filter --kval 5 >> ./logfiles/experimentOutputLogfile.log 2>&1
python application.py F-U-RU-T-5 --update 1210000000 --weights unweighted --select recent-updates --filter top-k --kval 5 >> ./logfiles/experimentOutputLogfile.log 2>&1
python application.py F-U-RU-N-5 --update 1210000000 --weights unweighted --select recent-updates --filter nearest --kval 5 >> ./logfiles/experimentOutputLogfile.log 2>&1
python application.py F-U-HN-F-5 --update 1210000000 --weights unweighted --select historical-new --filter no-filter --kval 5 >> ./logfiles/experimentOutputLogfile.log 2>&1
python application.py F-U-HN-T-5 --update 1210000000 --weights unweighted --select historical-new --filter top-k --kval 5 >> ./logfiles/experimentOutputLogfile.log 2>&1
python application.py F-U-HN-N-5 --update 1210000000 --weights unweighted --select historical-new --filter nearest --kval 5 >> ./logfiles/experimentOutputLogfile.log 2>&1
python application.py F-U-HU-F-5 --update 1210000000 --weights unweighted --select historical-updates --filter no-filter --kval 5 >> ./logfiles/experimentOutputLogfile.log 2>&1
python application.py F-U-HU-T-5 --update 1210000000 --weights unweighted --select historical-updates --filter top-k --kval 5 >> ./logfiles/experimentOutputLogfile.log 2>&1
python application.py F-U-HU-N-5 --update 1210000000 --weights unweighted --select historical-updates --filter nearest --kval 5 >> ./logfiles/experimentOutputLogfile.log 2>&1
python application.py F-U-HH-F-5 --update 1210000000 --weights unweighted --select historical --filter no-filter --kval 5 >> ./logfiles/experimentOutputLogfile.log 2>&1
python application.py F-U-HH-T-5 --update 1210000000 --weights unweighted --select historical --filter top-k --kval 5 >> ./logfiles/experimentOutputLogfile.log 2>&1
python application.py F-U-HH-N-5 --update 1210000000 --weights unweighted --select historical --filter nearest --kval 5 >> ./logfiles/experimentOutputLogfile.log 2>&1
python application.py F-P-TT-F-5 --update 1210000000 --weights performance --select train --filter no-filter --kval 5 >> ./logfiles/experimentOutputLogfile.log 2>&1
python application.py F-P-TT-T-5 --update 1210000000 --weights performance --select train --filter top-k --kval 5 >> ./logfiles/experimentOutputLogfile.log 2>&1
python application.py F-P-TT-N-5 --update 1210000000 --weights performance --select train --filter nearest --kval 5 >> ./logfiles/experimentOutputLogfile.log 2>&1
python application.py F-P-RR-F-5 --update 1210000000 --weights performance --select recent --filter no-filter --kval 5 >> ./logfiles/experimentOutputLogfile.log 2>&1
python application.py F-P-RR-T-5 --update 1210000000 --weights performance --select recent --filter top-k --kval 5 >> ./logfiles/experimentOutputLogfile.log 2>&1
python application.py F-P-RR-N-5 --update 1210000000 --weights performance --select recent --filter nearest --kval 5 >> ./logfiles/experimentOutputLogfile.log 2>&1
python application.py F-P-RN-F-5 --update 1210000000 --weights performance --select recent-new --filter no-filter --kval 5 >> ./logfiles/experimentOutputLogfile.log 2>&1
python application.py F-P-RN-T-5 --update 1210000000 --weights performance --select recent-new --filter top-k --kval 5 >> ./logfiles/experimentOutputLogfile.log 2>&1
python application.py F-P-RN-N-5 --update 1210000000 --weights performance --select recent-new --filter nearest --kval 5 >> ./logfiles/experimentOutputLogfile.log 2>&1
python application.py F-P-RU-F-5 --update 1210000000 --weights performance --select recent-updates --filter no-filter --kval 5 >> ./logfiles/experimentOutputLogfile.log 2>&1
python application.py F-P-RU-T-5 --update 1210000000 --weights performance --select recent-updates --filter top-k --kval 5 >> ./logfiles/experimentOutputLogfile.log 2>&1
python application.py F-P-RU-N-5 --update 1210000000 --weights performance --select recent-updates --filter nearest --kval 5 >> ./logfiles/experimentOutputLogfile.log 2>&1
python application.py F-P-HN-F-5 --update 1210000000 --weights performance --select historical-new --filter no-filter --kval 5 >> ./logfiles/experimentOutputLogfile.log 2>&1
python application.py F-P-HN-T-5 --update 1210000000 --weights performance --select historical-new --filter top-k --kval 5 >> ./logfiles/experimentOutputLogfile.log 2>&1
python application.py F-P-HN-N-5 --update 1210000000 --weights performance --select historical-new --filter nearest --kval 5 >> ./logfiles/experimentOutputLogfile.log 2>&1
python application.py F-P-HU-F-5 --update 1210000000 --weights performance --select historical-updates --filter no-filter --kval 5 >> ./logfiles/experimentOutputLogfile.log 2>&1
python application.py F-P-HU-T-5 --update 1210000000 --weights performance --select historical-updates --filter top-k --kval 5 >> ./logfiles/experimentOutputLogfile.log 2>&1
python application.py F-P-HU-N-5 --update 1210000000 --weights performance --select historical-updates --filter nearest --kval 5 >> ./logfiles/experimentOutputLogfile.log 2>&1
python application.py F-P-HH-F-5 --update 1210000000 --weights performance --select historical --filter no-filter --kval 5 >> ./logfiles/experimentOutputLogfile.log 2>&1
python application.py F-P-HH-T-5 --update 1210000000 --weights performance --select historical --filter top-k --kval 5 >> ./logfiles/experimentOutputLogfile.log 2>&1
python application.py F-P-HH-N-5 --update 1210000000 --weights performance --select historical --filter nearest --kval 5 >> ./logfiles/experimentOutputLogfile.log 2>&1
