



--------------------------------------BEGINNING NEW EXECUTION AT 45:01





--------------------------------------BEGINNING NEW EXECUTION AT 45:19

--STATUS-- ExpDr-LDD-DDM-F-5-RR-U   FAILED




--------------------------------------  BEGINNING NEW EXECUTION AT 2019-04-18 01:47:28  --------------------------------------

--STATUS-- ExpDr-LDD-DDM-F-5-RR-U   FAILED
Traceback (most recent call last):
  File "experimentTracker.py", line 85, in main
    runExperiment(CONFIG_PATH, mlepConfig, experiment_name)
  File "experimentTracker.py", line 104, in runExperiment
    assert(1==2)
AssertionError

--STATUS-- ExpDr-LDD-DDM-F-5-RR-P   FAILED
Traceback (most recent call last):
  File "experimentTracker.py", line 85, in main
    runExperiment(CONFIG_PATH, mlepConfig, experiment_name)
  File "experimentTracker.py", line 104, in runExperiment
    assert(1==2)
AssertionError

--STATUS-- ExpDr-LDD-DDM-F-5-RN-U   SUCCESS
--STATUS-- ExpDr-LDD-DDM-F-5-RN-P   SUCCESS
--STATUS-- ExpDr-LDD-DDM-F-5-RU-U   SUCCESS
--STATUS-- ExpDr-LDD-DDM-F-5-RU-P   SUCCESS
--STATUS-- ExpDr-LDD-DDM-F-5-HN-U   SUCCESS
--STATUS-- ExpDr-LDD-DDM-F-5-HN-P   SUCCESS
--STATUS-- ExpDr-LDD-DDM-F-5-HU-U   SUCCESS
--STATUS-- ExpDr-LDD-DDM-F-5-HU-P   SUCCESS
--STATUS-- ExpDr-LDD-DDM-F-5-HH-U   SUCCESS
--STATUS-- ExpDr-LDD-DDM-F-5-HH-P   SUCCESS
--STATUS-- ExpDr-LDD-DDM-F-10-RR-U   FAILED
Traceback (most recent call last):
  File "experimentTracker.py", line 85, in main
    runExperiment(CONFIG_PATH, mlepConfig, experiment_name)
  File "experimentTracker.py", line 104, in runExperiment
    assert(1==2)
AssertionError

--STATUS-- ExpDr-LDD-DDM-F-10-RR-P   FAILED
Traceback (most recent call last):
  File "experimentTracker.py", line 85, in main
    runExperiment(CONFIG_PATH, mlepConfig, experiment_name)
  File "experimentTracker.py", line 104, in runExperiment
    assert(1==2)
AssertionError

--STATUS-- ExpDr-LDD-DDM-F-10-RN-U   SUCCESS
--STATUS-- ExpDr-LDD-DDM-F-10-RN-P   SUCCESS
--STATUS-- ExpDr-LDD-DDM-F-10-RU-U   SUCCESS
--STATUS-- ExpDr-LDD-DDM-F-10-RU-P   SUCCESS
--STATUS-- ExpDr-LDD-DDM-F-10-HN-U   SUCCESS
--STATUS-- ExpDr-LDD-DDM-F-10-HN-P   SUCCESS
--STATUS-- ExpDr-LDD-DDM-F-10-HU-U   SUCCESS
--STATUS-- ExpDr-LDD-DDM-F-10-HU-P   SUCCESS
--STATUS-- ExpDr-LDD-DDM-F-10-HH-U   SUCCESS
--STATUS-- ExpDr-LDD-DDM-F-10-HH-P   SUCCESS
--STATUS-- ExpDr-LDD-DDM-T-5-RR-U   FAILED
Traceback (most recent call last):
  File "experimentTracker.py", line 85, in main
    runExperiment(CONFIG_PATH, mlepConfig, experiment_name)
  File "experimentTracker.py", line 104, in runExperiment
    assert(1==2)
AssertionError

--STATUS-- ExpDr-LDD-DDM-T-5-RR-P   FAILED
Traceback (most recent call last):
  File "experimentTracker.py", line 85, in main
    runExperiment(CONFIG_PATH, mlepConfig, experiment_name)
  File "experimentTracker.py", line 104, in runExperiment
    assert(1==2)
AssertionError

--STATUS-- ExpDr-LDD-DDM-T-5-RN-U   SUCCESS
--STATUS-- ExpDr-LDD-DDM-T-5-RN-P   SUCCESS
--STATUS-- ExpDr-LDD-DDM-T-5-RU-U   SUCCESS
--STATUS-- ExpDr-LDD-DDM-T-5-RU-P   SUCCESS
--STATUS-- ExpDr-LDD-DDM-T-5-HN-U   SUCCESS
--STATUS-- ExpDr-LDD-DDM-T-5-HN-P   SUCCESS
--STATUS-- ExpDr-LDD-DDM-T-5-HU-U   SUCCESS
--STATUS-- ExpDr-LDD-DDM-T-5-HU-P   SUCCESS
--STATUS-- ExpDr-LDD-DDM-T-5-HH-U   SUCCESS
--STATUS-- ExpDr-LDD-DDM-T-5-HH-P   SUCCESS
--STATUS-- ExpDr-LDD-DDM-T-10-RR-U   FAILED
Traceback (most recent call last):
  File "experimentTracker.py", line 85, in main
    runExperiment(CONFIG_PATH, mlepConfig, experiment_name)
  File "experimentTracker.py", line 104, in runExperiment
    assert(1==2)
AssertionError

--STATUS-- ExpDr-LDD-DDM-T-10-RR-P   FAILED
Traceback (most recent call last):
  File "experimentTracker.py", line 85, in main
    runExperiment(CONFIG_PATH, mlepConfig, experiment_name)
  File "experimentTracker.py", line 104, in runExperiment
    assert(1==2)
AssertionError

--STATUS-- ExpDr-LDD-DDM-T-10-RN-U   SUCCESS
--STATUS-- ExpDr-LDD-DDM-T-10-RN-P   SUCCESS
--STATUS-- ExpDr-LDD-DDM-T-10-RU-U   SUCCESS
--STATUS-- ExpDr-LDD-DDM-T-10-RU-P   SUCCESS
--STATUS-- ExpDr-LDD-DDM-T-10-HN-U   SUCCESS
--STATUS-- ExpDr-LDD-DDM-T-10-HN-P   SUCCESS
--STATUS-- ExpDr-LDD-DDM-T-10-HU-U   SUCCESS
--STATUS-- ExpDr-LDD-DDM-T-10-HU-P   SUCCESS
--STATUS-- ExpDr-LDD-DDM-T-10-HH-U   SUCCESS
--STATUS-- ExpDr-LDD-DDM-T-10-HH-P   SUCCESS
--STATUS-- ExpDr-LDD-DDM-N-5-RR-U   FAILED
Traceback (most recent call last):
  File "experimentTracker.py", line 85, in main
    runExperiment(CONFIG_PATH, mlepConfig, experiment_name)
  File "experimentTracker.py", line 104, in runExperiment
    assert(1==2)
AssertionError

--STATUS-- ExpDr-LDD-DDM-N-5-RR-P   FAILED
Traceback (most recent call last):
  File "experimentTracker.py", line 85, in main
    runExperiment(CONFIG_PATH, mlepConfig, experiment_name)
  File "experimentTracker.py", line 104, in runExperiment
    assert(1==2)
AssertionError

--STATUS-- ExpDr-LDD-DDM-N-5-RN-U   SUCCESS
--STATUS-- ExpDr-LDD-DDM-N-5-RN-P   SUCCESS
--STATUS-- ExpDr-LDD-DDM-N-5-RU-U   SUCCESS
--STATUS-- ExpDr-LDD-DDM-N-5-RU-P   SUCCESS
--STATUS-- ExpDr-LDD-DDM-N-5-HN-U   SUCCESS
--STATUS-- ExpDr-LDD-DDM-N-5-HN-P   SUCCESS
--STATUS-- ExpDr-LDD-DDM-N-5-HU-U   SUCCESS
--STATUS-- ExpDr-LDD-DDM-N-5-HU-P   SUCCESS
--STATUS-- ExpDr-LDD-DDM-N-5-HH-U   SUCCESS
--STATUS-- ExpDr-LDD-DDM-N-5-HH-P   SUCCESS
--STATUS-- ExpDr-LDD-DDM-N-10-RR-U   FAILED
Traceback (most recent call last):
  File "experimentTracker.py", line 85, in main
    runExperiment(CONFIG_PATH, mlepConfig, experiment_name)
  File "experimentTracker.py", line 104, in runExperiment
    assert(1==2)
AssertionError

--STATUS-- ExpDr-LDD-DDM-N-10-RR-P   FAILED
Traceback (most recent call last):
  File "experimentTracker.py", line 85, in main
    runExperiment(CONFIG_PATH, mlepConfig, experiment_name)
  File "experimentTracker.py", line 104, in runExperiment
    assert(1==2)
AssertionError

--STATUS-- ExpDr-LDD-DDM-N-10-RN-U   SUCCESS
--STATUS-- ExpDr-LDD-DDM-N-10-RN-P   SUCCESS
--STATUS-- ExpDr-LDD-DDM-N-10-RU-U   SUCCESS
--STATUS-- ExpDr-LDD-DDM-N-10-RU-P   SUCCESS
--STATUS-- ExpDr-LDD-DDM-N-10-HN-U   SUCCESS
--STATUS-- ExpDr-LDD-DDM-N-10-HN-P   SUCCESS
--STATUS-- ExpDr-LDD-DDM-N-10-HU-U   SUCCESS
--STATUS-- ExpDr-LDD-DDM-N-10-HU-P   SUCCESS
--STATUS-- ExpDr-LDD-DDM-N-10-HH-U   SUCCESS
--STATUS-- ExpDr-LDD-DDM-N-10-HH-P   SUCCESS
--STATUS-- ExpDr-LDD-EDDM-F-5-RR-U   FAILED
Traceback (most recent call last):
  File "experimentTracker.py", line 85, in main
    runExperiment(CONFIG_PATH, mlepConfig, experiment_name)
  File "experimentTracker.py", line 104, in runExperiment
    assert(1==2)
AssertionError

--STATUS-- ExpDr-LDD-EDDM-F-5-RR-P   FAILED
Traceback (most recent call last):
  File "experimentTracker.py", line 85, in main
    runExperiment(CONFIG_PATH, mlepConfig, experiment_name)
  File "experimentTracker.py", line 104, in runExperiment
    assert(1==2)
AssertionError

--STATUS-- ExpDr-LDD-EDDM-F-5-RN-U   SUCCESS
--STATUS-- ExpDr-LDD-EDDM-F-5-RN-P   SUCCESS
--STATUS-- ExpDr-LDD-EDDM-F-5-RU-U   SUCCESS
--STATUS-- ExpDr-LDD-EDDM-F-5-RU-P   SUCCESS
--STATUS-- ExpDr-LDD-EDDM-F-5-HN-U   SUCCESS
--STATUS-- ExpDr-LDD-EDDM-F-5-HN-P   SUCCESS
--STATUS-- ExpDr-LDD-EDDM-F-5-HU-U   SUCCESS
--STATUS-- ExpDr-LDD-EDDM-F-5-HU-P   SUCCESS
--STATUS-- ExpDr-LDD-EDDM-F-5-HH-U   SUCCESS
--STATUS-- ExpDr-LDD-EDDM-F-5-HH-P   SUCCESS
--STATUS-- ExpDr-LDD-EDDM-F-10-RR-U   FAILED
Traceback (most recent call last):
  File "experimentTracker.py", line 85, in main
    runExperiment(CONFIG_PATH, mlepConfig, experiment_name)
  File "experimentTracker.py", line 104, in runExperiment
    assert(1==2)
AssertionError

--STATUS-- ExpDr-LDD-EDDM-F-10-RR-P   FAILED
Traceback (most recent call last):
  File "experimentTracker.py", line 85, in main
    runExperiment(CONFIG_PATH, mlepConfig, experiment_name)
  File "experimentTracker.py", line 104, in runExperiment
    assert(1==2)
AssertionError

--STATUS-- ExpDr-LDD-EDDM-F-10-RN-U   SUCCESS
--STATUS-- ExpDr-LDD-EDDM-F-10-RN-P   SUCCESS
--STATUS-- ExpDr-LDD-EDDM-F-10-RU-U   SUCCESS
--STATUS-- ExpDr-LDD-EDDM-F-10-RU-P   SUCCESS
--STATUS-- ExpDr-LDD-EDDM-F-10-HN-U   SUCCESS
--STATUS-- ExpDr-LDD-EDDM-F-10-HN-P   SUCCESS
--STATUS-- ExpDr-LDD-EDDM-F-10-HU-U   SUCCESS
--STATUS-- ExpDr-LDD-EDDM-F-10-HU-P   SUCCESS
--STATUS-- ExpDr-LDD-EDDM-F-10-HH-U   SUCCESS
--STATUS-- ExpDr-LDD-EDDM-F-10-HH-P   SUCCESS
--STATUS-- ExpDr-LDD-EDDM-T-5-RR-U   FAILED
Traceback (most recent call last):
  File "experimentTracker.py", line 85, in main
    runExperiment(CONFIG_PATH, mlepConfig, experiment_name)
  File "experimentTracker.py", line 104, in runExperiment
    assert(1==2)
AssertionError

--STATUS-- ExpDr-LDD-EDDM-T-5-RR-P   FAILED
Traceback (most recent call last):
  File "experimentTracker.py", line 85, in main
    runExperiment(CONFIG_PATH, mlepConfig, experiment_name)
  File "experimentTracker.py", line 104, in runExperiment
    assert(1==2)
AssertionError

--STATUS-- ExpDr-LDD-EDDM-T-5-RN-U   SUCCESS
--STATUS-- ExpDr-LDD-EDDM-T-5-RN-P   SUCCESS
--STATUS-- ExpDr-LDD-EDDM-T-5-RU-U   SUCCESS
--STATUS-- ExpDr-LDD-EDDM-T-5-RU-P   SUCCESS
--STATUS-- ExpDr-LDD-EDDM-T-5-HN-U   SUCCESS
--STATUS-- ExpDr-LDD-EDDM-T-5-HN-P   SUCCESS
--STATUS-- ExpDr-LDD-EDDM-T-5-HU-U   SUCCESS
--STATUS-- ExpDr-LDD-EDDM-T-5-HU-P   SUCCESS
--STATUS-- ExpDr-LDD-EDDM-T-5-HH-U   SUCCESS
--STATUS-- ExpDr-LDD-EDDM-T-5-HH-P   SUCCESS
--STATUS-- ExpDr-LDD-EDDM-T-10-RR-U   FAILED
Traceback (most recent call last):
  File "experimentTracker.py", line 85, in main
    runExperiment(CONFIG_PATH, mlepConfig, experiment_name)
  File "experimentTracker.py", line 104, in runExperiment
    assert(1==2)
AssertionError

--STATUS-- ExpDr-LDD-EDDM-T-10-RR-P   FAILED
Traceback (most recent call last):
  File "experimentTracker.py", line 85, in main
    runExperiment(CONFIG_PATH, mlepConfig, experiment_name)
  File "experimentTracker.py", line 104, in runExperiment
    assert(1==2)
AssertionError

--STATUS-- ExpDr-LDD-EDDM-T-10-RN-U   SUCCESS
--STATUS-- ExpDr-LDD-EDDM-T-10-RN-P   SUCCESS
--STATUS-- ExpDr-LDD-EDDM-T-10-RU-U   SUCCESS
--STATUS-- ExpDr-LDD-EDDM-T-10-RU-P   SUCCESS
--STATUS-- ExpDr-LDD-EDDM-T-10-HN-U   SUCCESS
--STATUS-- ExpDr-LDD-EDDM-T-10-HN-P   SUCCESS
--STATUS-- ExpDr-LDD-EDDM-T-10-HU-U   SUCCESS
--STATUS-- ExpDr-LDD-EDDM-T-10-HU-P   SUCCESS
--STATUS-- ExpDr-LDD-EDDM-T-10-HH-U   SUCCESS
--STATUS-- ExpDr-LDD-EDDM-T-10-HH-P   SUCCESS
--STATUS-- ExpDr-LDD-EDDM-N-5-RR-U   FAILED
Traceback (most recent call last):
  File "experimentTracker.py", line 85, in main
    runExperiment(CONFIG_PATH, mlepConfig, experiment_name)
  File "experimentTracker.py", line 104, in runExperiment
    assert(1==2)
AssertionError

--STATUS-- ExpDr-LDD-EDDM-N-5-RR-P   FAILED
Traceback (most recent call last):
  File "experimentTracker.py", line 85, in main
    runExperiment(CONFIG_PATH, mlepConfig, experiment_name)
  File "experimentTracker.py", line 104, in runExperiment
    assert(1==2)
AssertionError

--STATUS-- ExpDr-LDD-EDDM-N-5-RN-U   SUCCESS
--STATUS-- ExpDr-LDD-EDDM-N-5-RN-P   SUCCESS
--STATUS-- ExpDr-LDD-EDDM-N-5-RU-U   SUCCESS
--STATUS-- ExpDr-LDD-EDDM-N-5-RU-P   SUCCESS
--STATUS-- ExpDr-LDD-EDDM-N-5-HN-U   SUCCESS
--STATUS-- ExpDr-LDD-EDDM-N-5-HN-P   SUCCESS
--STATUS-- ExpDr-LDD-EDDM-N-5-HU-U   SUCCESS
--STATUS-- ExpDr-LDD-EDDM-N-5-HU-P   SUCCESS
--STATUS-- ExpDr-LDD-EDDM-N-5-HH-U   SUCCESS
--STATUS-- ExpDr-LDD-EDDM-N-5-HH-P   SUCCESS
--STATUS-- ExpDr-LDD-EDDM-N-10-RR-U   FAILED
Traceback (most recent call last):
  File "experimentTracker.py", line 85, in main
    runExperiment(CONFIG_PATH, mlepConfig, experiment_name)
  File "experimentTracker.py", line 104, in runExperiment
    assert(1==2)
AssertionError

--STATUS-- ExpDr-LDD-EDDM-N-10-RR-P   FAILED
Traceback (most recent call last):
  File "experimentTracker.py", line 85, in main
    runExperiment(CONFIG_PATH, mlepConfig, experiment_name)
  File "experimentTracker.py", line 104, in runExperiment
    assert(1==2)
AssertionError

--STATUS-- ExpDr-LDD-EDDM-N-10-RN-U   SUCCESS
--STATUS-- ExpDr-LDD-EDDM-N-10-RN-P   SUCCESS
--STATUS-- ExpDr-LDD-EDDM-N-10-RU-U   SUCCESS
--STATUS-- ExpDr-LDD-EDDM-N-10-RU-P   SUCCESS
--STATUS-- ExpDr-LDD-EDDM-N-10-HN-U   SUCCESS
--STATUS-- ExpDr-LDD-EDDM-N-10-HN-P   SUCCESS
--STATUS-- ExpDr-LDD-EDDM-N-10-HU-U   SUCCESS
--STATUS-- ExpDr-LDD-EDDM-N-10-HU-P   SUCCESS
--STATUS-- ExpDr-LDD-EDDM-N-10-HH-U   SUCCESS
--STATUS-- ExpDr-LDD-EDDM-N-10-HH-P   SUCCESS
--STATUS-- ExpDr-LDD-ADWIN-F-5-RR-U   FAILED
Traceback (most recent call last):
  File "experimentTracker.py", line 85, in main
    runExperiment(CONFIG_PATH, mlepConfig, experiment_name)
  File "experimentTracker.py", line 104, in runExperiment
    assert(1==2)
AssertionError

--STATUS-- ExpDr-LDD-ADWIN-F-5-RR-P   FAILED
Traceback (most recent call last):
  File "experimentTracker.py", line 85, in main
    runExperiment(CONFIG_PATH, mlepConfig, experiment_name)
  File "experimentTracker.py", line 104, in runExperiment
    assert(1==2)
AssertionError

--STATUS-- ExpDr-LDD-ADWIN-F-5-RN-U   SUCCESS
--STATUS-- ExpDr-LDD-ADWIN-F-5-RN-P   SUCCESS
--STATUS-- ExpDr-LDD-ADWIN-F-5-RU-U   SUCCESS
--STATUS-- ExpDr-LDD-ADWIN-F-5-RU-P   SUCCESS
--STATUS-- ExpDr-LDD-ADWIN-F-5-HN-U   SUCCESS
--STATUS-- ExpDr-LDD-ADWIN-F-5-HN-P   SUCCESS
--STATUS-- ExpDr-LDD-ADWIN-F-5-HU-U   SUCCESS
--STATUS-- ExpDr-LDD-ADWIN-F-5-HU-P   SUCCESS
--STATUS-- ExpDr-LDD-ADWIN-F-5-HH-U   SUCCESS
--STATUS-- ExpDr-LDD-ADWIN-F-5-HH-P   SUCCESS
--STATUS-- ExpDr-LDD-ADWIN-F-10-RR-U   FAILED
Traceback (most recent call last):
  File "experimentTracker.py", line 85, in main
    runExperiment(CONFIG_PATH, mlepConfig, experiment_name)
  File "experimentTracker.py", line 104, in runExperiment
    assert(1==2)
AssertionError

--STATUS-- ExpDr-LDD-ADWIN-F-10-RR-P   FAILED
Traceback (most recent call last):
  File "experimentTracker.py", line 85, in main
    runExperiment(CONFIG_PATH, mlepConfig, experiment_name)
  File "experimentTracker.py", line 104, in runExperiment
    assert(1==2)
AssertionError

--STATUS-- ExpDr-LDD-ADWIN-F-10-RN-U   SUCCESS
--STATUS-- ExpDr-LDD-ADWIN-F-10-RN-P   SUCCESS
--STATUS-- ExpDr-LDD-ADWIN-F-10-RU-U   SUCCESS
--STATUS-- ExpDr-LDD-ADWIN-F-10-RU-P   SUCCESS
--STATUS-- ExpDr-LDD-ADWIN-F-10-HN-U   SUCCESS
--STATUS-- ExpDr-LDD-ADWIN-F-10-HN-P   SUCCESS
--STATUS-- ExpDr-LDD-ADWIN-F-10-HU-U   SUCCESS
--STATUS-- ExpDr-LDD-ADWIN-F-10-HU-P   SUCCESS
--STATUS-- ExpDr-LDD-ADWIN-F-10-HH-U   SUCCESS
--STATUS-- ExpDr-LDD-ADWIN-F-10-HH-P   SUCCESS
--STATUS-- ExpDr-LDD-ADWIN-T-5-RR-U   FAILED
Traceback (most recent call last):
  File "experimentTracker.py", line 85, in main
    runExperiment(CONFIG_PATH, mlepConfig, experiment_name)
  File "experimentTracker.py", line 104, in runExperiment
    assert(1==2)
AssertionError

--STATUS-- ExpDr-LDD-ADWIN-T-5-RR-P   FAILED
Traceback (most recent call last):
  File "experimentTracker.py", line 85, in main
    runExperiment(CONFIG_PATH, mlepConfig, experiment_name)
  File "experimentTracker.py", line 104, in runExperiment
    assert(1==2)
AssertionError

--STATUS-- ExpDr-LDD-ADWIN-T-5-RN-U   SUCCESS
--STATUS-- ExpDr-LDD-ADWIN-T-5-RN-P   SUCCESS
--STATUS-- ExpDr-LDD-ADWIN-T-5-RU-U   SUCCESS
--STATUS-- ExpDr-LDD-ADWIN-T-5-RU-P   SUCCESS
--STATUS-- ExpDr-LDD-ADWIN-T-5-HN-U   SUCCESS
--STATUS-- ExpDr-LDD-ADWIN-T-5-HN-P   SUCCESS
--STATUS-- ExpDr-LDD-ADWIN-T-5-HU-U   SUCCESS
--STATUS-- ExpDr-LDD-ADWIN-T-5-HU-P   SUCCESS
--STATUS-- ExpDr-LDD-ADWIN-T-5-HH-U   SUCCESS
--STATUS-- ExpDr-LDD-ADWIN-T-5-HH-P   SUCCESS
--STATUS-- ExpDr-LDD-ADWIN-T-10-RR-U   FAILED
Traceback (most recent call last):
  File "experimentTracker.py", line 85, in main
    runExperiment(CONFIG_PATH, mlepConfig, experiment_name)
  File "experimentTracker.py", line 104, in runExperiment
    assert(1==2)
AssertionError

--STATUS-- ExpDr-LDD-ADWIN-T-10-RR-P   FAILED
Traceback (most recent call last):
  File "experimentTracker.py", line 85, in main
    runExperiment(CONFIG_PATH, mlepConfig, experiment_name)
  File "experimentTracker.py", line 104, in runExperiment
    assert(1==2)
AssertionError

--STATUS-- ExpDr-LDD-ADWIN-T-10-RN-U   SUCCESS
--STATUS-- ExpDr-LDD-ADWIN-T-10-RN-P   SUCCESS
--STATUS-- ExpDr-LDD-ADWIN-T-10-RU-U   SUCCESS
--STATUS-- ExpDr-LDD-ADWIN-T-10-RU-P   SUCCESS
--STATUS-- ExpDr-LDD-ADWIN-T-10-HN-U   SUCCESS
--STATUS-- ExpDr-LDD-ADWIN-T-10-HN-P   SUCCESS
--STATUS-- ExpDr-LDD-ADWIN-T-10-HU-U   SUCCESS
--STATUS-- ExpDr-LDD-ADWIN-T-10-HU-P   SUCCESS
--STATUS-- ExpDr-LDD-ADWIN-T-10-HH-U   SUCCESS
--STATUS-- ExpDr-LDD-ADWIN-T-10-HH-P   SUCCESS
--STATUS-- ExpDr-LDD-ADWIN-N-5-RR-U   FAILED
Traceback (most recent call last):
  File "experimentTracker.py", line 85, in main
    runExperiment(CONFIG_PATH, mlepConfig, experiment_name)
  File "experimentTracker.py", line 104, in runExperiment
    assert(1==2)
AssertionError

--STATUS-- ExpDr-LDD-ADWIN-N-5-RR-P   FAILED
Traceback (most recent call last):
  File "experimentTracker.py", line 85, in main
    runExperiment(CONFIG_PATH, mlepConfig, experiment_name)
  File "experimentTracker.py", line 104, in runExperiment
    assert(1==2)
AssertionError

--STATUS-- ExpDr-LDD-ADWIN-N-5-RN-U   SUCCESS
--STATUS-- ExpDr-LDD-ADWIN-N-5-RN-P   SUCCESS
--STATUS-- ExpDr-LDD-ADWIN-N-5-RU-U   SUCCESS
--STATUS-- ExpDr-LDD-ADWIN-N-5-RU-P   SUCCESS
--STATUS-- ExpDr-LDD-ADWIN-N-5-HN-U   SUCCESS
--STATUS-- ExpDr-LDD-ADWIN-N-5-HN-P   SUCCESS
--STATUS-- ExpDr-LDD-ADWIN-N-5-HU-U   SUCCESS
--STATUS-- ExpDr-LDD-ADWIN-N-5-HU-P   SUCCESS
--STATUS-- ExpDr-LDD-ADWIN-N-5-HH-U   SUCCESS
--STATUS-- ExpDr-LDD-ADWIN-N-5-HH-P   SUCCESS
--STATUS-- ExpDr-LDD-ADWIN-N-10-RR-U   FAILED
Traceback (most recent call last):
  File "experimentTracker.py", line 85, in main
    runExperiment(CONFIG_PATH, mlepConfig, experiment_name)
  File "experimentTracker.py", line 104, in runExperiment
    assert(1==2)
AssertionError

--STATUS-- ExpDr-LDD-ADWIN-N-10-RR-P   FAILED
Traceback (most recent call last):
  File "experimentTracker.py", line 85, in main
    runExperiment(CONFIG_PATH, mlepConfig, experiment_name)
  File "experimentTracker.py", line 104, in runExperiment
    assert(1==2)
AssertionError

--STATUS-- ExpDr-LDD-ADWIN-N-10-RN-U   SUCCESS
--STATUS-- ExpDr-LDD-ADWIN-N-10-RN-P   SUCCESS
--STATUS-- ExpDr-LDD-ADWIN-N-10-RU-U   SUCCESS
--STATUS-- ExpDr-LDD-ADWIN-N-10-RU-P   SUCCESS
--STATUS-- ExpDr-LDD-ADWIN-N-10-HN-U   SUCCESS
--STATUS-- ExpDr-LDD-ADWIN-N-10-HN-P   SUCCESS
--STATUS-- ExpDr-LDD-ADWIN-N-10-HU-U   SUCCESS
--STATUS-- ExpDr-LDD-ADWIN-N-10-HU-P   SUCCESS
--STATUS-- ExpDr-LDD-ADWIN-N-10-HH-U   SUCCESS
--STATUS-- ExpDr-LDD-ADWIN-N-10-HH-P   SUCCESS
--STATUS-- ExpDr-LDD-PageHinkley-F-5-RR-U   FAILED
Traceback (most recent call last):
  File "experimentTracker.py", line 85, in main
    runExperiment(CONFIG_PATH, mlepConfig, experiment_name)
  File "experimentTracker.py", line 104, in runExperiment
    assert(1==2)
AssertionError

--STATUS-- ExpDr-LDD-PageHinkley-F-5-RR-P   FAILED
Traceback (most recent call last):
  File "experimentTracker.py", line 85, in main
    runExperiment(CONFIG_PATH, mlepConfig, experiment_name)
  File "experimentTracker.py", line 104, in runExperiment
    assert(1==2)
AssertionError

--STATUS-- ExpDr-LDD-PageHinkley-F-5-RN-U   SUCCESS
--STATUS-- ExpDr-LDD-PageHinkley-F-5-RN-P   SUCCESS
--STATUS-- ExpDr-LDD-PageHinkley-F-5-RU-U   SUCCESS
--STATUS-- ExpDr-LDD-PageHinkley-F-5-RU-P   SUCCESS
--STATUS-- ExpDr-LDD-PageHinkley-F-5-HN-U   SUCCESS
--STATUS-- ExpDr-LDD-PageHinkley-F-5-HN-P   SUCCESS
--STATUS-- ExpDr-LDD-PageHinkley-F-5-HU-U   SUCCESS
--STATUS-- ExpDr-LDD-PageHinkley-F-5-HU-P   SUCCESS
--STATUS-- ExpDr-LDD-PageHinkley-F-5-HH-U   SUCCESS
--STATUS-- ExpDr-LDD-PageHinkley-F-5-HH-P   SUCCESS
--STATUS-- ExpDr-LDD-PageHinkley-F-10-RR-U   FAILED
Traceback (most recent call last):
  File "experimentTracker.py", line 85, in main
    runExperiment(CONFIG_PATH, mlepConfig, experiment_name)
  File "experimentTracker.py", line 104, in runExperiment
    assert(1==2)
AssertionError

--STATUS-- ExpDr-LDD-PageHinkley-F-10-RR-P   FAILED
Traceback (most recent call last):
  File "experimentTracker.py", line 85, in main
    runExperiment(CONFIG_PATH, mlepConfig, experiment_name)
  File "experimentTracker.py", line 104, in runExperiment
    assert(1==2)
AssertionError

--STATUS-- ExpDr-LDD-PageHinkley-F-10-RN-U   SUCCESS
--STATUS-- ExpDr-LDD-PageHinkley-F-10-RN-P   SUCCESS
--STATUS-- ExpDr-LDD-PageHinkley-F-10-RU-U   SUCCESS
--STATUS-- ExpDr-LDD-PageHinkley-F-10-RU-P   SUCCESS
--STATUS-- ExpDr-LDD-PageHinkley-F-10-HN-U   SUCCESS
--STATUS-- ExpDr-LDD-PageHinkley-F-10-HN-P   SUCCESS
--STATUS-- ExpDr-LDD-PageHinkley-F-10-HU-U   SUCCESS
--STATUS-- ExpDr-LDD-PageHinkley-F-10-HU-P   SUCCESS
--STATUS-- ExpDr-LDD-PageHinkley-F-10-HH-U   SUCCESS
--STATUS-- ExpDr-LDD-PageHinkley-F-10-HH-P   SUCCESS
--STATUS-- ExpDr-LDD-PageHinkley-T-5-RR-U   FAILED
Traceback (most recent call last):
  File "experimentTracker.py", line 85, in main
    runExperiment(CONFIG_PATH, mlepConfig, experiment_name)
  File "experimentTracker.py", line 104, in runExperiment
    assert(1==2)
AssertionError

--STATUS-- ExpDr-LDD-PageHinkley-T-5-RR-P   FAILED
Traceback (most recent call last):
  File "experimentTracker.py", line 85, in main
    runExperiment(CONFIG_PATH, mlepConfig, experiment_name)
  File "experimentTracker.py", line 104, in runExperiment
    assert(1==2)
AssertionError

--STATUS-- ExpDr-LDD-PageHinkley-T-5-RN-U   SUCCESS
--STATUS-- ExpDr-LDD-PageHinkley-T-5-RN-P   SUCCESS
--STATUS-- ExpDr-LDD-PageHinkley-T-5-RU-U   SUCCESS
--STATUS-- ExpDr-LDD-PageHinkley-T-5-RU-P   SUCCESS
--STATUS-- ExpDr-LDD-PageHinkley-T-5-HN-U   SUCCESS
--STATUS-- ExpDr-LDD-PageHinkley-T-5-HN-P   SUCCESS
--STATUS-- ExpDr-LDD-PageHinkley-T-5-HU-U   SUCCESS
--STATUS-- ExpDr-LDD-PageHinkley-T-5-HU-P   SUCCESS
--STATUS-- ExpDr-LDD-PageHinkley-T-5-HH-U   SUCCESS
--STATUS-- ExpDr-LDD-PageHinkley-T-5-HH-P   SUCCESS
--STATUS-- ExpDr-LDD-PageHinkley-T-10-RR-U   FAILED
Traceback (most recent call last):
  File "experimentTracker.py", line 85, in main
    runExperiment(CONFIG_PATH, mlepConfig, experiment_name)
  File "experimentTracker.py", line 104, in runExperiment
    assert(1==2)
AssertionError

--STATUS-- ExpDr-LDD-PageHinkley-T-10-RR-P   FAILED
Traceback (most recent call last):
  File "experimentTracker.py", line 85, in main
    runExperiment(CONFIG_PATH, mlepConfig, experiment_name)
  File "experimentTracker.py", line 104, in runExperiment
    assert(1==2)
AssertionError

--STATUS-- ExpDr-LDD-PageHinkley-T-10-RN-U   SUCCESS
--STATUS-- ExpDr-LDD-PageHinkley-T-10-RN-P   SUCCESS
--STATUS-- ExpDr-LDD-PageHinkley-T-10-RU-U   SUCCESS
--STATUS-- ExpDr-LDD-PageHinkley-T-10-RU-P   SUCCESS
--STATUS-- ExpDr-LDD-PageHinkley-T-10-HN-U   SUCCESS
--STATUS-- ExpDr-LDD-PageHinkley-T-10-HN-P   SUCCESS
--STATUS-- ExpDr-LDD-PageHinkley-T-10-HU-U   SUCCESS
--STATUS-- ExpDr-LDD-PageHinkley-T-10-HU-P   SUCCESS
--STATUS-- ExpDr-LDD-PageHinkley-T-10-HH-U   SUCCESS
--STATUS-- ExpDr-LDD-PageHinkley-T-10-HH-P   SUCCESS
--STATUS-- ExpDr-LDD-PageHinkley-N-5-RR-U   FAILED
Traceback (most recent call last):
  File "experimentTracker.py", line 85, in main
    runExperiment(CONFIG_PATH, mlepConfig, experiment_name)
  File "experimentTracker.py", line 104, in runExperiment
    assert(1==2)
AssertionError

--STATUS-- ExpDr-LDD-PageHinkley-N-5-RR-P   FAILED
Traceback (most recent call last):
  File "experimentTracker.py", line 85, in main
    runExperiment(CONFIG_PATH, mlepConfig, experiment_name)
  File "experimentTracker.py", line 104, in runExperiment
    assert(1==2)
AssertionError

--STATUS-- ExpDr-LDD-PageHinkley-N-5-RN-U   SUCCESS
--STATUS-- ExpDr-LDD-PageHinkley-N-5-RN-P   SUCCESS
--STATUS-- ExpDr-LDD-PageHinkley-N-5-RU-U   SUCCESS
--STATUS-- ExpDr-LDD-PageHinkley-N-5-RU-P   SUCCESS
--STATUS-- ExpDr-LDD-PageHinkley-N-5-HN-U   SUCCESS
--STATUS-- ExpDr-LDD-PageHinkley-N-5-HN-P   SUCCESS
--STATUS-- ExpDr-LDD-PageHinkley-N-5-HU-U   SUCCESS
--STATUS-- ExpDr-LDD-PageHinkley-N-5-HU-P   SUCCESS
--STATUS-- ExpDr-LDD-PageHinkley-N-5-HH-U   SUCCESS
--STATUS-- ExpDr-LDD-PageHinkley-N-5-HH-P   SUCCESS
--STATUS-- ExpDr-LDD-PageHinkley-N-10-RR-U   FAILED
Traceback (most recent call last):
  File "experimentTracker.py", line 85, in main
    runExperiment(CONFIG_PATH, mlepConfig, experiment_name)
  File "experimentTracker.py", line 104, in runExperiment
    assert(1==2)
AssertionError

--STATUS-- ExpDr-LDD-PageHinkley-N-10-RR-P   FAILED
Traceback (most recent call last):
  File "experimentTracker.py", line 85, in main
    runExperiment(CONFIG_PATH, mlepConfig, experiment_name)
  File "experimentTracker.py", line 104, in runExperiment
    assert(1==2)
AssertionError

--STATUS-- ExpDr-LDD-PageHinkley-N-10-RN-U   SUCCESS
--STATUS-- ExpDr-LDD-PageHinkley-N-10-RN-P   SUCCESS
--STATUS-- ExpDr-LDD-PageHinkley-N-10-RU-U   SUCCESS
--STATUS-- ExpDr-LDD-PageHinkley-N-10-RU-P   SUCCESS
--STATUS-- ExpDr-LDD-PageHinkley-N-10-HN-U   SUCCESS
--STATUS-- ExpDr-LDD-PageHinkley-N-10-HN-P   SUCCESS
--STATUS-- ExpDr-LDD-PageHinkley-N-10-HU-U   SUCCESS
--STATUS-- ExpDr-LDD-PageHinkley-N-10-HU-P   SUCCESS
--STATUS-- ExpDr-LDD-PageHinkley-N-10-HH-U   SUCCESS
--STATUS-- ExpDr-LDD-PageHinkley-N-10-HH-P   SUCCESS
